# JRE version: Java(TM) SE Runtime Environment (12.0.2+10) (build 12.0.2+10)
# Java VM: Java HotSpot(TM) 64-Bit Server VM (12.0.2+10, mixed mode, sharing, tiered, compressed oops, g1 gc, windows-amd64)
Heap:
 garbage-first heap   total 63488K, used 25943K [0x00000000c2400000, 0x0000000100000000)
  region size 1024K, 20 young (20480K), 5 survivors (5120K)
 Metaspace       used 17774K, capacity 18255K, committed 18304K, reserved 1064960K
  class space    used 1955K, capacity 2167K, committed 2176K, reserved 1048576K
GC Heap History (8 events):
Event: 4.105 GC heap before
{Heap before GC invocations=0 (full 0):
 garbage-first heap   total 63488K, used 7168K [0x00000000c2400000, 0x0000000100000000)
  region size 1024K, 7 young (7168K), 0 survivors (0K)
 Metaspace       used 9403K, capacity 9699K, committed 9856K, reserved 1058816K
  class space    used 1191K, capacity 1328K, committed 1408K, reserved 1048576K
}
Event: 4.119 GC heap after
{Heap after GC invocations=1 (full 0):
 garbage-first heap   total 63488K, used 2508K [0x00000000c2400000, 0x0000000100000000)
  region size 1024K, 1 young (1024K), 1 survivors (1024K)
 Metaspace       used 9403K, capacity 9699K, committed 9856K, reserved 1058816K
  class space    used 1191K, capacity 1328K, committed 1408K, reserved 1048576K
}
Event: 4.527 GC heap before
{Heap before GC invocations=1 (full 0):
 garbage-first heap   total 63488K, used 4556K [0x00000000c2400000, 0x0000000100000000)
  region size 1024K, 3 young (3072K), 1 survivors (1024K)
 Metaspace       used 10379K, capacity 10668K, committed 10752K, reserved 1058816K
  class space    used 1310K, capacity 1459K, committed 1536K, reserved 1048576K
}
Event: 4.536 GC heap after
{Heap after GC invocations=2 (full 0):
 garbage-first heap   total 63488K, used 2895K [0x00000000c2400000, 0x0000000100000000)
  region size 1024K, 1 young (1024K), 1 survivors (1024K)
 Metaspace       used 10379K, capacity 10668K, committed 10752K, reserved 1058816K
  class space    used 1310K, capacity 1459K, committed 1536K, reserved 1048576K
}
Event: 6.483 GC heap before
{Heap before GC invocations=2 (full 0):
 garbage-first heap   total 63488K, used 11087K [0x00000000c2400000, 0x0000000100000000)
  region size 1024K, 10 young (10240K), 1 survivors (1024K)
 Metaspace       used 11026K, capacity 11305K, committed 11520K, reserved 1058816K
  class space    used 1367K, capacity 1502K, committed 1536K, reserved 1048576K
}
Event: 6.489 GC heap after
{Heap after GC invocations=3 (full 0):
 garbage-first heap   total 63488K, used 3937K [0x00000000c2400000, 0x0000000100000000)
  region size 1024K, 2 young (2048K), 2 survivors (2048K)
 Metaspace       used 11026K, capacity 11305K, committed 11520K, reserved 1058816K
  class space    used 1367K, capacity 1502K, committed 1536K, reserved 1048576K
}
Event: 721.488 GC heap before
{Heap before GC invocations=3 (full 0):
 garbage-first heap   total 63488K, used 41825K [0x00000000c2400000, 0x0000000100000000)
  region size 1024K, 35 young (35840K), 2 survivors (2048K)
 Metaspace       used 17513K, capacity 17999K, committed 18048K, reserved 1064960K
  class space    used 1953K, capacity 2167K, committed 2176K, reserved 1048576K
}
Event: 721.767 GC heap after
{Heap after GC invocations=4 (full 0):
 garbage-first heap   total 63488K, used 11607K [0x00000000c2400000, 0x0000000100000000)
  region size 1024K, 5 young (5120K), 5 survivors (5120K)
 Metaspace       used 17513K, capacity 17999K, committed 18048K, reserved 1064960K
  class space    used 1953K, capacity 2167K, committed 2176K, reserved 1048576K
}

